<?xml version="1.0" encoding="UTF-8"?>
<testsuite xmlns:xsi="http://www.w3.org/2001/XMLSchema-instance" xsi:noNamespaceSchemaLocation="https://maven.apache.org/surefire/maven-surefire-plugin/xsd/surefire-test-report-3.0.xsd" version="3.0" name="com.test.project.selenide_demo.LoginTest" time="17.138" tests="1" errors="0" skipped="0" failures="0">
  <properties>
[...]
</properties>
  <testcase name="successfulLoginTest" classname="com.test.project.selenide_demo.LoginTest" time="17.106">
    <system-err><![CDATA[[main] INFO com.codeborne.selenide.impl.WebDriverThreadLocalContainer - No webdriver is bound to current thread: 1 - let's create a new webdriver
[main] INFO com.codeborne.selenide.impl.FileHelper - Creating folder: C:\Users\khadh\eclipse-workspace\selenide-demo\build\downloads\1689069025035_18552_1
[main] INFO io.github.bonigarcia.wdm.WebDriverManager - Using chromedriver 114.0.5735.90 (resolved driver for Chrome 114)
[main] INFO io.github.bonigarcia.wdm.WebDriverManager - Exporting webdriver.chrome.driver as C:\Users\khadh\.cache\selenium\chromedriver\win32\114.0.5735.90\chromedriver.exe
Jul 11, 2023 3:20:29 PM org.openqa.selenium.remote.service.DriverService$Builder getLogOutput
INFO: Driver logs no longer sent to console by default; https://www.selenium.dev/documentation/webdriver/drivers/service/#setting-log-output
[main] INFO com.codeborne.selenide.webdriver.SelenideNettyClientFactory - Changed readTimeout from PT3M to PT1M30S
[main] INFO com.codeborne.selenide.webdriver.SelenideNettyClientFactory - Changed readTimeout from PT3M to PT1M30S
[main] INFO com.codeborne.selenide.webdriver.SelenideNettyClientFactory - Changed readTimeout from PT3M to PT1M30S
[main] INFO com.codeborne.selenide.webdriver.WebDriverFactory - BrowserName=chrome Version=114.0.5735.199 Platform=windows
[main] INFO com.codeborne.selenide.webdriver.WebDriverFactory - Selenide v. 6.16.0
[main] INFO com.codeborne.selenide.webdriver.WebDriverFactory - Selenium WebDriver v. 4.10.0 build revision: c14d967899
[main] INFO com.codeborne.selenide.drivercommands.CreateDriverCommand - Created webdriver in thread 1: ChromeDriver -> ChromeDriver: chrome on windows (f7cdae0bcd2ba577545bad676d884cfd)
[main] INFO com.codeborne.selenide.drivercommands.DisposablesRegistry - Register WebDriverInstance[config=StaticConfig,webDriver=ChromeDriver: chrome on windows (f7cdae0bcd2ba577545bad676d884cfd),proxy=null,downloadsFolder=C:\Users\khadh\eclipse-workspace\selenide-demo\build\downloads\1689069025035_18552_1] in 1 [size=1]
[main] INFO com.codeborne.selenide.drivercommands.DisposablesRegistry - Add shutdown hook in 1 [size=1]
[main] INFO com.codeborne.selenide.logevents.SimpleReport - Report for [engine:junit-jupiter]/[class:com.test.project.selenide_demo.LoginTest]/[method:successfulLoginTest()]
+------------------------------------+----------------------------------------------------+------------+------------+
| Element                            | Subject                                            | Status     | ms.        |
+------------------------------------+----------------------------------------------------+------------+------------+
| open                               | https://the-internet.herokuapp.com/login           | PASS       | 13426      |
|   webdriver                        | create()                                           | PASS       | 9616       |
| h2                                 | should have(text "Login Page")                     | PASS       | 224        |
| #username                          | set value(tomsmith)                                | PASS       | 308        |
| #password                          | val(SuperSecretPassword!)                          | PASS       | 230        |
| .fa-sign-in                        | should(exist)                                      | PASS       | 38         |
| .fa-sign-in                        | should be(enabled)                                 | PASS       | 25         |
| .fa-sign-in                        | click()                                            | PASS       | 1185       |
| #flash                             | should have(text "You logged into a secure area!") | PASS       | 49         |
| a[class='button secondary radius'] | should be(enabled)                                 | PASS       | 30         |
| a[class='button secondary radius'] | click()                                            | PASS       | 975        |
| h2                                 | should have(text "Login Page")                     | PASS       | 48         |
+------------------------------------+----------------------------------------------------+------------+------------+

]]></system-err>
  </testcase>
</testsuite>