<?xml version="1.0" encoding="UTF-8"?>
<testsuite xmlns:xsi="http://www.w3.org/2001/XMLSchema-instance" xsi:noNamespaceSchemaLocation="https://maven.apache.org/surefire/maven-surefire-plugin/xsd/surefire-test-report-3.0.xsd" version="3.0" name="com.test.project.selenide_demo.seperate_tests.DemoQaElementsTest" time="14.341" tests="2" errors="0" skipped="0" failures="0">
  <properties>
[...]
</properties>
  <testcase name="verifyElementsAndTextBoxTab" classname="com.test.project.selenide_demo.seperate_tests.DemoQaElementsTest" time="7.471">
    <system-err><![CDATA[[main] INFO com.codeborne.selenide.logevents.SimpleReport - Report for [engine:junit-jupiter]/[class:com.test.project.selenide_demo.seperate_tests.DemoQaElementsTest]/[method:verifyElementsAndTextBoxTab()]
+----------------------------------------------+---------------------------------+------------+------------+
| Element                                      | Subject                         | Status     | ms.        |
+----------------------------------------------+---------------------------------+------------+------------+
| open                                         | https://demoqa.com/             | PASS       | 4560       |
| img[src='/images/Toolsqa.jpg']               | should(exist)                   | PASS       | 54         |
| by text: Elements                            | should(exist)                   | PASS       | 63         |
| by text: Elements                            | should be(enabled)              | PASS       | 35         |
| by text: Elements                            | click()                         | PASS       | 240        |
| .main-header                                 | should have(text "Elements")    | PASS       | 146        |
| .main-header                                 | should(be visible)              | PASS       | 71         |
| by text: Text Box                            | should(exist)                   | PASS       | 53         |
| by text: Text Box                            | click()                         | PASS       | 338        |
| .main-header                                 | should have(text "Text Box")    | PASS       | 43         |
| #userName                                    | val(Sk Nasir Ahmed)             | PASS       | 460        |
| #userEmail                                   | set value(shaik2a4@gmail.com)   | PASS       | 270        |
| [placeholder='Current Address']              | send keys(Telangana, Hyderabad) | PASS       | 138        |
| By.xpath: //textarea[@id='permanentAddress'] | send keys(Andhra Pradesh)       | PASS       | 154        |
| By.xpath: //button[@id='submit']             | should(exist)                   | PASS       | 56         |
| By.xpath: //button[@id='submit']             | click()                         | PASS       | 118        |
| by text: Check Box                           | should(exist)                   | PASS       | 38         |
| by text: Check Box                           | should be(enabled)              | PASS       | 28         |
| by text: Check Box                           | click()                         | PASS       | 291        |
| button[title='Toggle']                       | click()                         | PASS       | 133        |
| #tree-node li li:nth-child(1) button         | should(be visible)              | PASS       | 36         |
| #tree-node li li:nth-child(1) button         | click()                         | PASS       | 110        |
+----------------------------------------------+---------------------------------+------------+------------+

]]></system-err>
  </testcase>
  <testcase name="webTables" classname="com.test.project.selenide_demo.seperate_tests.DemoQaElementsTest" time="6.868">
    <system-out><![CDATA[Number of rows: 10
Row 1: Cierra Vega 39 cierra@example.com 10000 Insurance Insurance
Row 2: Alden Cantrell 45 alden@example.com 12000 Compliance Compliance
Row 3: Kierra Gentry 29 kierra@example.com 2000 Legal Legal
Row 4:              
Row 5:              
Row 6:              
Row 7:              
Row 8:              
Row 9:              
Row 10:              
]]></system-out>
    <system-err><![CDATA[[main] INFO com.codeborne.selenide.logevents.SimpleReport - Report for [engine:junit-jupiter]/[class:com.test.project.selenide_demo.seperate_tests.DemoQaElementsTest]/[method:webTables()]
+---------------------------+--------------------------------+------------+------------+
| Element                   | Subject                        | Status     | ms.        |
+---------------------------+--------------------------------+------------+------------+
| open                      | https://demoqa.com/webtables   | PASS       | 1220       |
| .main-header              | should have(text "Web Tables") | PASS       | 610        |
| .main-header              | should(be visible)             | PASS       | 42         |
| .rt-table                 | should(exist)                  | PASS       | 46         |
| .rt-tr-group[0]/.rt-td[0] | get text()                     | PASS       | 53         |
| .rt-tr-group[0]/.rt-td[1] | get text()                     | PASS       | 45         |
| .rt-tr-group[0]/.rt-td[2] | get text()                     | PASS       | 101        |
| .rt-tr-group[0]/.rt-td[3] | get text()                     | PASS       | 136        |
| .rt-tr-group[0]/.rt-td[4] | get text()                     | PASS       | 135        |
| .rt-tr-group[0]/.rt-td[5] | get text()                     | PASS       | 54         |
| .rt-tr-group[0]/.rt-td[5] | get text()                     | PASS       | 46         |
| .rt-tr-group[1]/.rt-td[0] | get text()                     | PASS       | 40         |
| .rt-tr-group[1]/.rt-td[1] | get text()                     | PASS       | 44         |
| .rt-tr-group[1]/.rt-td[2] | get text()                     | PASS       | 52         |
| .rt-tr-group[1]/.rt-td[3] | get text()                     | PASS       | 43         |
| .rt-tr-group[1]/.rt-td[4] | get text()                     | PASS       | 44         |
| .rt-tr-group[1]/.rt-td[5] | get text()                     | PASS       | 71         |
| .rt-tr-group[1]/.rt-td[5] | get text()                     | PASS       | 147        |
| .rt-tr-group[2]/.rt-td[0] | get text()                     | PASS       | 148        |
| .rt-tr-group[2]/.rt-td[1] | get text()                     | PASS       | 123        |
| .rt-tr-group[2]/.rt-td[2] | get text()                     | PASS       | 122        |
| .rt-tr-group[2]/.rt-td[3] | get text()                     | PASS       | 132        |
| .rt-tr-group[2]/.rt-td[4] | get text()                     | PASS       | 167        |
| .rt-tr-group[2]/.rt-td[5] | get text()                     | PASS       | 45         |
| .rt-tr-group[2]/.rt-td[5] | get text()                     | PASS       | 46         |
| .rt-tr-group[3]/.rt-td[0] | get text()                     | PASS       | 41         |
| .rt-tr-group[3]/.rt-td[1] | get text()                     | PASS       | 43         |
| .rt-tr-group[3]/.rt-td[2] | get text()                     | PASS       | 46         |
| .rt-tr-group[3]/.rt-td[3] | get text()                     | PASS       | 49         |
| .rt-tr-group[3]/.rt-td[4] | get text()                     | PASS       | 58         |
| .rt-tr-group[3]/.rt-td[5] | get text()                     | PASS       | 55         |
| .rt-tr-group[3]/.rt-td[5] | get text()                     | PASS       | 59         |
| .rt-tr-group[4]/.rt-td[0] | get text()                     | PASS       | 48         |
| .rt-tr-group[4]/.rt-td[1] | get text()                     | PASS       | 50         |
| .rt-tr-group[4]/.rt-td[2] | get text()                     | PASS       | 43         |
| .rt-tr-group[4]/.rt-td[3] | get text()                     | PASS       | 43         |
| .rt-tr-group[4]/.rt-td[4] | get text()                     | PASS       | 59         |
| .rt-tr-group[4]/.rt-td[5] | get text()                     | PASS       | 110        |
| .rt-tr-group[4]/.rt-td[5] | get text()                     | PASS       | 102        |
| .rt-tr-group[5]/.rt-td[0] | get text()                     | PASS       | 95         |
| .rt-tr-group[5]/.rt-td[1] | get text()                     | PASS       | 116        |
| .rt-tr-group[5]/.rt-td[2] | get text()                     | PASS       | 97         |
| .rt-tr-group[5]/.rt-td[3] | get text()                     | PASS       | 66         |
| .rt-tr-group[5]/.rt-td[4] | get text()                     | PASS       | 75         |
| .rt-tr-group[5]/.rt-td[5] | get text()                     | PASS       | 76         |
| .rt-tr-group[5]/.rt-td[5] | get text()                     | PASS       | 65         |
| .rt-tr-group[6]/.rt-td[0] | get text()                     | PASS       | 50         |
| .rt-tr-group[6]/.rt-td[1] | get text()                     | PASS       | 59         |
| .rt-tr-group[6]/.rt-td[2] | get text()                     | PASS       | 71         |
| .rt-tr-group[6]/.rt-td[3] | get text()                     | PASS       | 67         |
| .rt-tr-group[6]/.rt-td[4] | get text()                     | PASS       | 66         |
| .rt-tr-group[6]/.rt-td[5] | get text()                     | PASS       | 58         |
| .rt-tr-group[6]/.rt-td[5] | get text()                     | PASS       | 48         |
| .rt-tr-group[7]/.rt-td[0] | get text()                     | PASS       | 51         |
| .rt-tr-group[7]/.rt-td[1] | get text()                     | PASS       | 47         |
| .rt-tr-group[7]/.rt-td[2] | get text()                     | PASS       | 52         |
| .rt-tr-group[7]/.rt-td[3] | get text()                     | PASS       | 46         |
| .rt-tr-group[7]/.rt-td[4] | get text()                     | PASS       | 49         |
| .rt-tr-group[7]/.rt-td[5] | get text()                     | PASS       | 62         |
| .rt-tr-group[7]/.rt-td[5] | get text()                     | PASS       | 54         |
| .rt-tr-group[8]/.rt-td[0] | get text()                     | PASS       | 47         |
| .rt-tr-group[8]/.rt-td[1] | get text()                     | PASS       | 38         |
| .rt-tr-group[8]/.rt-td[2] | get text()                     | PASS       | 37         |
| .rt-tr-group[8]/.rt-td[3] | get text()                     | PASS       | 47         |
| .rt-tr-group[8]/.rt-td[4] | get text()                     | PASS       | 48         |
| .rt-tr-group[8]/.rt-td[5] | get text()                     | PASS       | 49         |
| .rt-tr-group[8]/.rt-td[5] | get text()                     | PASS       | 45         |
| .rt-tr-group[9]/.rt-td[0] | get text()                     | PASS       | 50         |
| .rt-tr-group[9]/.rt-td[1] | get text()                     | PASS       | 51         |
| .rt-tr-group[9]/.rt-td[2] | get text()                     | PASS       | 45         |
| .rt-tr-group[9]/.rt-td[3] | get text()                     | PASS       | 50         |
| .rt-tr-group[9]/.rt-td[4] | get text()                     | PASS       | 51         |
| .rt-tr-group[9]/.rt-td[5] | get text()                     | PASS       | 47         |
| .rt-tr-group[9]/.rt-td[5] | get text()                     | PASS       | 52         |
+---------------------------+--------------------------------+------------+------------+

]]></system-err>
  </testcase>
</testsuite>